<?xml version="1.0" encoding="UTF-8"?>
<!-- Generated by org.testng.reporters.JUnitReportReporter -->
<testsuite skipped="0" hostname="Akshaykatoch" name="apptest.HybridTest" tests="1" failures="0" timestamp="12 Oct 2020 11:39:55 GMT" time="9.836" errors="0">
  <testcase name="input" time="9.836" classname="apptest.HybridTest"/>
</testsuite> <!-- apptest.HybridTest -->
