<?xml version="1.0" encoding="UTF-8"?>
<!-- Generated by org.testng.reporters.JUnitReportReporter -->
<testsuite skipped="0" hostname="Akshaykatoch" name="RoughWorkPac.Roughwork" tests="1" failures="0" timestamp="13 Oct 2020 09:10:17 GMT" time="21.767" errors="0">
  <testcase name="input" time="21.767" classname="RoughWorkPac.Roughwork"/>
</testsuite> <!-- RoughWorkPac.Roughwork -->
